<?xml version="1.0" encoding="UTF-8"?>
<testsuite xmlns:xsi="http://www.w3.org/2001/XMLSchema-instance" xsi:noNamespaceSchemaLocation="https://maven.apache.org/surefire/maven-surefire-plugin/xsd/surefire-test-report.xsd" version="3.0.1" name="ut.CalculatorTest" time="0.195" tests="7" errors="0" skipped="0" failures="0">
  <properties>
[...]
</properties>
  <testcase name="testAdd" classname="ut.CalculatorTest" time="0.004"/>
  <testcase name="testDiv" classname="ut.CalculatorTest" time="0.0"/>
  <testcase name="testMul" classname="ut.CalculatorTest" time="0.0"/>
  <testcase name="testSub" classname="ut.CalculatorTest" time="0.0"/>
  <testcase name="testAddWithAssertNotEquals" classname="ut.CalculatorTest" time="0.0"/>
  <testcase name="testSubWithAssertEquals" classname="ut.CalculatorTest" time="0.0"/>
  <testcase name="testAddWithAssertEquals" classname="ut.CalculatorTest" time="0.0"/>
</testsuite>